0 info it worked if it ends with ok
1 verbose cli [ '/usr/bin/node', '/usr/bin/npm', 'install' ]
2 info using npm@3.5.2
3 info using node@v8.10.0
4 silly loadCurrentTree Starting
5 silly install loadCurrentTree
6 silly install readLocalPackageData
7 silly install normalizeTree
8 silly loadCurrentTree Finishing
9 silly loadIdealTree Starting
10 silly install loadIdealTree
11 silly cloneCurrentTree Starting
12 silly install cloneCurrentTreeToIdealTree
13 silly cloneCurrentTree Finishing
14 silly loadShrinkwrap Starting
15 silly install loadShrinkwrap
16 silly loadShrinkwrap Finishing
17 silly loadAllDepsIntoIdealTree Starting
18 silly install loadAllDepsIntoIdealTree
19 silly fetchNamedPackageData particles.js
20 silly mapToRegistry name particles.js
21 silly mapToRegistry using default registry
22 silly mapToRegistry registry https://registry.npmjs.org/
23 silly mapToRegistry uri https://registry.npmjs.org/particles.js
24 silly fetchNamedPackageData plotly.js-gl3d-dist
25 silly mapToRegistry name plotly.js-gl3d-dist
26 silly mapToRegistry using default registry
27 silly mapToRegistry registry https://registry.npmjs.org/
28 silly mapToRegistry uri https://registry.npmjs.org/plotly.js-gl3d-dist
29 silly fetchNamedPackageData request
30 silly mapToRegistry name request
31 silly mapToRegistry using default registry
32 silly mapToRegistry registry https://registry.npmjs.org/
33 silly mapToRegistry uri https://registry.npmjs.org/request
34 verbose request uri https://registry.npmjs.org/particles.js
35 verbose request no auth needed
36 info attempt registry request try #1 at 7:35:33 PM
37 verbose request id fedc3c2febbcf163
38 http request GET https://registry.npmjs.org/particles.js
39 verbose request uri https://registry.npmjs.org/plotly.js-gl3d-dist
40 verbose request no auth needed
41 info attempt registry request try #1 at 7:35:33 PM
42 http request GET https://registry.npmjs.org/plotly.js-gl3d-dist
43 verbose request uri https://registry.npmjs.org/request
44 verbose request no auth needed
45 info attempt registry request try #1 at 7:35:33 PM
46 http request GET https://registry.npmjs.org/request
47 info retry will retry, error on last attempt: Error: tunneling socket could not be established, statusCode=407
48 info retry will retry, error on last attempt: Error: tunneling socket could not be established, statusCode=407
49 info retry will retry, error on last attempt: Error: tunneling socket could not be established, statusCode=407
50 info attempt registry request try #2 at 7:35:43 PM
51 http request GET https://registry.npmjs.org/particles.js
52 info attempt registry request try #2 at 7:35:43 PM
53 http request GET https://registry.npmjs.org/plotly.js-gl3d-dist
54 info attempt registry request try #2 at 7:35:43 PM
55 http request GET https://registry.npmjs.org/request
56 info retry will retry, error on last attempt: Error: tunneling socket could not be established, statusCode=407
57 info retry will retry, error on last attempt: Error: tunneling socket could not be established, statusCode=407
58 info retry will retry, error on last attempt: Error: tunneling socket could not be established, statusCode=407
59 info attempt registry request try #3 at 7:36:43 PM
60 http request GET https://registry.npmjs.org/particles.js
61 info attempt registry request try #3 at 7:36:43 PM
62 http request GET https://registry.npmjs.org/plotly.js-gl3d-dist
63 info attempt registry request try #3 at 7:36:43 PM
64 http request GET https://registry.npmjs.org/request
65 silly fetchPackageMetaData Error: tunneling socket could not be established, statusCode=407
65 silly fetchPackageMetaData     at ClientRequest.onConnect (/usr/share/npm/node_modules/request/node_modules/tunnel-agent/index.js:163:19)
65 silly fetchPackageMetaData     at Object.onceWrapper (events.js:319:30)
65 silly fetchPackageMetaData     at emitThree (events.js:136:13)
65 silly fetchPackageMetaData     at ClientRequest.emit (events.js:217:7)
65 silly fetchPackageMetaData     at Socket.socketOnData (_http_client.js:472:11)
65 silly fetchPackageMetaData     at emitOne (events.js:116:13)
65 silly fetchPackageMetaData     at Socket.emit (events.js:211:7)
65 silly fetchPackageMetaData     at addChunk (_stream_readable.js:263:12)
65 silly fetchPackageMetaData     at readableAddChunk (_stream_readable.js:250:11)
65 silly fetchPackageMetaData     at Socket.Readable.push (_stream_readable.js:208:10)
65 silly fetchPackageMetaData  error for particles.js@^2.0.0 { Error: tunneling socket could not be established, statusCode=407
65 silly fetchPackageMetaData     at ClientRequest.onConnect (/usr/share/npm/node_modules/request/node_modules/tunnel-agent/index.js:163:19)
65 silly fetchPackageMetaData     at Object.onceWrapper (events.js:319:30)
65 silly fetchPackageMetaData     at emitThree (events.js:136:13)
65 silly fetchPackageMetaData     at ClientRequest.emit (events.js:217:7)
65 silly fetchPackageMetaData     at Socket.socketOnData (_http_client.js:472:11)
65 silly fetchPackageMetaData     at emitOne (events.js:116:13)
65 silly fetchPackageMetaData     at Socket.emit (events.js:211:7)
65 silly fetchPackageMetaData     at addChunk (_stream_readable.js:263:12)
65 silly fetchPackageMetaData     at readableAddChunk (_stream_readable.js:250:11)
65 silly fetchPackageMetaData     at Socket.Readable.push (_stream_readable.js:208:10) code: 'ECONNRESET' }
66 silly fetchPackageMetaData Error: tunneling socket could not be established, statusCode=407
66 silly fetchPackageMetaData     at ClientRequest.onConnect (/usr/share/npm/node_modules/request/node_modules/tunnel-agent/index.js:163:19)
66 silly fetchPackageMetaData     at Object.onceWrapper (events.js:319:30)
66 silly fetchPackageMetaData     at emitThree (events.js:136:13)
66 silly fetchPackageMetaData     at ClientRequest.emit (events.js:217:7)
66 silly fetchPackageMetaData     at Socket.socketOnData (_http_client.js:472:11)
66 silly fetchPackageMetaData     at emitOne (events.js:116:13)
66 silly fetchPackageMetaData     at Socket.emit (events.js:211:7)
66 silly fetchPackageMetaData     at addChunk (_stream_readable.js:263:12)
66 silly fetchPackageMetaData     at readableAddChunk (_stream_readable.js:250:11)
66 silly fetchPackageMetaData     at Socket.Readable.push (_stream_readable.js:208:10)
66 silly fetchPackageMetaData  error for plotly.js-gl3d-dist@^1.47.1 { Error: tunneling socket could not be established, statusCode=407
66 silly fetchPackageMetaData     at ClientRequest.onConnect (/usr/share/npm/node_modules/request/node_modules/tunnel-agent/index.js:163:19)
66 silly fetchPackageMetaData     at Object.onceWrapper (events.js:319:30)
66 silly fetchPackageMetaData     at emitThree (events.js:136:13)
66 silly fetchPackageMetaData     at ClientRequest.emit (events.js:217:7)
66 silly fetchPackageMetaData     at Socket.socketOnData (_http_client.js:472:11)
66 silly fetchPackageMetaData     at emitOne (events.js:116:13)
66 silly fetchPackageMetaData     at Socket.emit (events.js:211:7)
66 silly fetchPackageMetaData     at addChunk (_stream_readable.js:263:12)
66 silly fetchPackageMetaData     at readableAddChunk (_stream_readable.js:250:11)
66 silly fetchPackageMetaData     at Socket.Readable.push (_stream_readable.js:208:10) code: 'ECONNRESET' }
67 silly fetchPackageMetaData Error: tunneling socket could not be established, statusCode=407
67 silly fetchPackageMetaData     at ClientRequest.onConnect (/usr/share/npm/node_modules/request/node_modules/tunnel-agent/index.js:163:19)
67 silly fetchPackageMetaData     at Object.onceWrapper (events.js:319:30)
67 silly fetchPackageMetaData     at emitThree (events.js:136:13)
67 silly fetchPackageMetaData     at ClientRequest.emit (events.js:217:7)
67 silly fetchPackageMetaData     at Socket.socketOnData (_http_client.js:472:11)
67 silly fetchPackageMetaData     at emitOne (events.js:116:13)
67 silly fetchPackageMetaData     at Socket.emit (events.js:211:7)
67 silly fetchPackageMetaData     at addChunk (_stream_readable.js:263:12)
67 silly fetchPackageMetaData     at readableAddChunk (_stream_readable.js:250:11)
67 silly fetchPackageMetaData     at Socket.Readable.push (_stream_readable.js:208:10)
67 silly fetchPackageMetaData  error for request@^2.88.0 { Error: tunneling socket could not be established, statusCode=407
67 silly fetchPackageMetaData     at ClientRequest.onConnect (/usr/share/npm/node_modules/request/node_modules/tunnel-agent/index.js:163:19)
67 silly fetchPackageMetaData     at Object.onceWrapper (events.js:319:30)
67 silly fetchPackageMetaData     at emitThree (events.js:136:13)
67 silly fetchPackageMetaData     at ClientRequest.emit (events.js:217:7)
67 silly fetchPackageMetaData     at Socket.socketOnData (_http_client.js:472:11)
67 silly fetchPackageMetaData     at emitOne (events.js:116:13)
67 silly fetchPackageMetaData     at Socket.emit (events.js:211:7)
67 silly fetchPackageMetaData     at addChunk (_stream_readable.js:263:12)
67 silly fetchPackageMetaData     at readableAddChunk (_stream_readable.js:250:11)
67 silly fetchPackageMetaData     at Socket.Readable.push (_stream_readable.js:208:10) code: 'ECONNRESET' }
68 silly rollbackFailedOptional Starting
69 silly rollbackFailedOptional Finishing
70 silly runTopLevelLifecycles Starting
71 silly runTopLevelLifecycles Finishing
72 silly install printInstalled
73 verbose stack Error: tunneling socket could not be established, statusCode=407
73 verbose stack     at ClientRequest.onConnect (/usr/share/npm/node_modules/request/node_modules/tunnel-agent/index.js:163:19)
73 verbose stack     at Object.onceWrapper (events.js:319:30)
73 verbose stack     at emitThree (events.js:136:13)
73 verbose stack     at ClientRequest.emit (events.js:217:7)
73 verbose stack     at Socket.socketOnData (_http_client.js:472:11)
73 verbose stack     at emitOne (events.js:116:13)
73 verbose stack     at Socket.emit (events.js:211:7)
73 verbose stack     at addChunk (_stream_readable.js:263:12)
73 verbose stack     at readableAddChunk (_stream_readable.js:250:11)
73 verbose stack     at Socket.Readable.push (_stream_readable.js:208:10)
74 verbose cwd /home/satrajit/KOUSHIK/interactive-data-editor/src
75 error Linux 4.15.0-50-generic
76 error argv "/usr/bin/node" "/usr/bin/npm" "install"
77 error node v8.10.0
78 error npm  v3.5.2
79 error code ECONNRESET
80 error network tunneling socket could not be established, statusCode=407
81 error network This is most likely not a problem with npm itself
81 error network and is related to network connectivity.
81 error network In most cases you are behind a proxy or have bad network settings.
81 error network
81 error network If you are behind a proxy, please make sure that the
81 error network 'proxy' config is set properly.  See: 'npm help config'
82 verbose exit [ 1, true ]
